2018-03-05 10:56:58 DEBUG logging:19 - Logging Provider: org.jboss.logging.Log4jLoggerProvider
2018-03-05 10:56:58 INFO  Version:30 - HV000001: Hibernate Validator 5.3.6.Final
2018-03-05 10:56:59 DEBUG DefaultTraversableResolver:70 - Cannot find javax.persistence.Persistence on classpath. Assuming non JPA 2 environment. All properties will per default be traversable.
2018-03-05 10:56:59 DEBUG DefaultTraversableResolver:70 - Cannot find javax.persistence.Persistence on classpath. Assuming non JPA 2 environment. All properties will per default be traversable.
2018-03-05 10:56:59 DEBUG ConfigurationImpl:163 - Setting custom MessageInterpolator of type org.springframework.validation.beanvalidation.LocaleContextMessageInterpolator
2018-03-05 10:56:59 DEBUG ConfigurationImpl:185 - Setting custom ConstraintValidatorFactory of type org.springframework.validation.beanvalidation.SpringConstraintValidatorFactory
2018-03-05 10:56:59 DEBUG ConfigurationImpl:199 - Setting custom ParameterNameProvider of type com.sun.proxy.$Proxy72
2018-03-05 10:56:59 DEBUG ValidationXmlParser:99 - Trying to load META-INF/validation.xml for XML based Validator configuration.
2018-03-05 10:56:59 DEBUG ResourceLoaderHelper:47 - Trying to load META-INF/validation.xml via user class loader
2018-03-05 10:56:59 DEBUG ResourceLoaderHelper:54 - Trying to load META-INF/validation.xml via TCCL
2018-03-05 10:56:59 DEBUG ResourceLoaderHelper:60 - Trying to load META-INF/validation.xml via Hibernate Validator's class loader
2018-03-05 10:56:59 DEBUG ValidationXmlParser:106 - No META-INF/validation.xml found. Using annotation based configuration only.
2018-03-05 10:56:59 DEBUG DefaultTraversableResolver:70 - Cannot find javax.persistence.Persistence on classpath. Assuming non JPA 2 environment. All properties will per default be traversable.
2018-03-05 10:56:59 DEBUG DefaultTraversableResolver:70 - Cannot find javax.persistence.Persistence on classpath. Assuming non JPA 2 environment. All properties will per default be traversable.
2018-03-05 10:56:59 DEBUG ConfigurationImpl:163 - Setting custom MessageInterpolator of type org.springframework.validation.beanvalidation.LocaleContextMessageInterpolator
2018-03-05 10:56:59 DEBUG ConfigurationImpl:185 - Setting custom ConstraintValidatorFactory of type org.springframework.validation.beanvalidation.SpringConstraintValidatorFactory
2018-03-05 10:56:59 DEBUG ConfigurationImpl:199 - Setting custom ParameterNameProvider of type com.sun.proxy.$Proxy72
2018-03-05 10:56:59 DEBUG ValidationXmlParser:99 - Trying to load META-INF/validation.xml for XML based Validator configuration.
2018-03-05 10:56:59 DEBUG ResourceLoaderHelper:47 - Trying to load META-INF/validation.xml via user class loader
2018-03-05 10:56:59 DEBUG ResourceLoaderHelper:54 - Trying to load META-INF/validation.xml via TCCL
2018-03-05 10:56:59 DEBUG ResourceLoaderHelper:60 - Trying to load META-INF/validation.xml via Hibernate Validator's class loader
2018-03-05 10:56:59 DEBUG ValidationXmlParser:106 - No META-INF/validation.xml found. Using annotation based configuration only.
2018-03-05 10:57:13 DEBUG DefaultTraversableResolver:70 - Cannot find javax.persistence.Persistence on classpath. Assuming non JPA 2 environment. All properties will per default be traversable.
2018-03-05 10:57:13 DEBUG DefaultTraversableResolver:70 - Cannot find javax.persistence.Persistence on classpath. Assuming non JPA 2 environment. All properties will per default be traversable.
2018-03-05 10:57:13 DEBUG ConfigurationImpl:163 - Setting custom MessageInterpolator of type org.springframework.validation.beanvalidation.LocaleContextMessageInterpolator
2018-03-05 10:57:13 DEBUG ConfigurationImpl:185 - Setting custom ConstraintValidatorFactory of type org.springframework.validation.beanvalidation.SpringConstraintValidatorFactory
2018-03-05 10:57:13 DEBUG ConfigurationImpl:199 - Setting custom ParameterNameProvider of type com.sun.proxy.$Proxy72
2018-03-05 10:57:13 DEBUG ValidationXmlParser:99 - Trying to load META-INF/validation.xml for XML based Validator configuration.
2018-03-05 10:57:13 DEBUG ResourceLoaderHelper:47 - Trying to load META-INF/validation.xml via user class loader
2018-03-05 10:57:13 DEBUG ResourceLoaderHelper:54 - Trying to load META-INF/validation.xml via TCCL
2018-03-05 10:57:13 DEBUG ResourceLoaderHelper:60 - Trying to load META-INF/validation.xml via Hibernate Validator's class loader
2018-03-05 10:57:13 DEBUG ValidationXmlParser:106 - No META-INF/validation.xml found. Using annotation based configuration only.
2018-03-05 10:57:13 DEBUG DefaultTraversableResolver:70 - Cannot find javax.persistence.Persistence on classpath. Assuming non JPA 2 environment. All properties will per default be traversable.
2018-03-05 10:57:13 DEBUG DefaultTraversableResolver:70 - Cannot find javax.persistence.Persistence on classpath. Assuming non JPA 2 environment. All properties will per default be traversable.
2018-03-05 10:57:13 DEBUG ConfigurationImpl:163 - Setting custom MessageInterpolator of type org.springframework.validation.beanvalidation.LocaleContextMessageInterpolator
2018-03-05 10:57:13 DEBUG ConfigurationImpl:185 - Setting custom ConstraintValidatorFactory of type org.springframework.validation.beanvalidation.SpringConstraintValidatorFactory
2018-03-05 10:57:13 DEBUG ConfigurationImpl:199 - Setting custom ParameterNameProvider of type com.sun.proxy.$Proxy72
2018-03-05 10:57:13 DEBUG ValidationXmlParser:99 - Trying to load META-INF/validation.xml for XML based Validator configuration.
2018-03-05 10:57:13 DEBUG ResourceLoaderHelper:47 - Trying to load META-INF/validation.xml via user class loader
2018-03-05 10:57:13 DEBUG ResourceLoaderHelper:54 - Trying to load META-INF/validation.xml via TCCL
2018-03-05 10:57:13 DEBUG ResourceLoaderHelper:60 - Trying to load META-INF/validation.xml via Hibernate Validator's class loader
2018-03-05 10:57:13 DEBUG ValidationXmlParser:106 - No META-INF/validation.xml found. Using annotation based configuration only.
